2020-09-15 16:41:59,448 - asyncio - ERROR - Task exception was never retrieved
future: <Task finished coro=<VideoRoutines.record_video() done, defined at /git/Video_raspi/app.py:46> exception=PiCameraMMALError('Failed to enable connection: Out of resources')>
Traceback (most recent call last):
  File "/git/Video_raspi/app.py", line 47, in record_video
    camera = PiCamera()
  File "/usr/lib/python3/dist-packages/picamera/camera.py", line 433, in __init__
    self._init_preview()
  File "/usr/lib/python3/dist-packages/picamera/camera.py", line 513, in _init_preview
    self, self._camera.outputs[self.CAMERA_PREVIEW_PORT])
  File "/usr/lib/python3/dist-packages/picamera/renderers.py", line 558, in __init__
    self.renderer.inputs[0].connect(source).enable()
  File "/usr/lib/python3/dist-packages/picamera/mmalobj.py", line 2212, in enable
    prefix="Failed to enable connection")
  File "/usr/lib/python3/dist-packages/picamera/exc.py", line 184, in mmal_check
    raise PiCameraMMALError(status, prefix)
picamera.exc.PiCameraMMALError: Failed to enable connection: Out of resources
2020-09-15 16:41:59,502 - __main__ - ERROR - Reading temperature failed
2020-09-15 16:41:59,506 - __main__ - ERROR - object NoneType can't be used in 'await' expression
2020-09-15 16:41:59,522 - __main__ - ERROR - Reading temperature failed
2020-09-15 16:41:59,525 - __main__ - ERROR - object NoneType can't be used in 'await' expression
2020-09-15 16:41:59,537 - __main__ - ERROR - Reading temperature failed
2020-09-15 16:41:59,541 - __main__ - ERROR - object NoneType can't be used in 'await' expression
2020-09-15 16:41:59,554 - __main__ - ERROR - Reading temperature failed
2020-09-15 16:41:59,558 - __main__ - ERROR - object NoneType can't be used in 'await' expression
2020-09-15 16:41:59,567 - __main__ - ERROR - Reading temperature failed
2020-09-15 16:41:59,569 - __main__ - ERROR - object NoneType can't be used in 'await' expression
2020-09-15 16:41:59,576 - __main__ - ERROR - Reading temperature failed
2020-09-15 16:41:59,579 - __main__ - ERROR - object NoneType can't be used in 'await' expression
2020-09-15 16:41:59,584 - __main__ - ERROR - Reading temperature failed
2020-09-15 16:41:59,588 - __main__ - ERROR - object NoneType can't be used in 'await' expression
2020-09-15 16:41:59,595 - __main__ - ERROR - Reading temperature failed
2020-09-15 16:41:59,599 - __main__ - ERROR - object NoneType can't be used in 'await' expression
2020-09-15 16:41:59,604 - __main__ - ERROR - Reading temperature failed
2020-09-15 16:41:59,606 - __main__ - ERROR - object NoneType can't be used in 'await' expression
2020-09-15 16:41:59,615 - __main__ - ERROR - Reading temperature failed
2020-09-15 16:41:59,618 - __main__ - ERROR - object NoneType can't be used in 'await' expression
2020-09-15 16:41:59,627 - __main__ - ERROR - Reading temperature failed
2020-09-15 16:41:59,632 - __main__ - ERROR - object NoneType can't be used in 'await' expression
2020-09-15 16:41:59,638 - __main__ - ERROR - Reading temperature failed
2020-09-15 16:41:59,641 - __main__ - ERROR - object NoneType can't be used in 'await' expression
2020-09-15 16:41:59,646 - __main__ - ERROR - Reading temperature failed
2020-09-15 16:41:59,648 - __main__ - ERROR - object NoneType can't be used in 'await' expression
2020-09-15 16:41:59,654 - __main__ - ERROR - Reading temperature failed
2020-09-15 16:41:59,657 - __main__ - ERROR - object NoneType can't be used in 'await' expression
2020-09-15 16:41:59,664 - __main__ - ERROR - Reading temperature failed
2020-09-15 16:41:59,667 - __main__ - ERROR - object NoneType can't be used in 'await' expression
2020-09-15 16:41:59,672 - __main__ - ERROR - Reading temperature failed
2020-09-15 16:41:59,675 - __main__ - ERROR - object NoneType can't be used in 'await' expression
2020-09-15 16:41:59,687 - __main__ - ERROR - Reading temperature failed
2020-09-15 16:41:59,691 - __main__ - ERROR - object NoneType can't be used in 'await' expression
2020-09-15 16:41:59,702 - __main__ - ERROR - Reading temperature failed
2020-09-15 16:41:59,705 - __main__ - ERROR - object NoneType can't be used in 'await' expression
2020-09-15 16:41:59,715 - __main__ - ERROR - Reading temperature failed
2020-09-15 16:41:59,719 - __main__ - ERROR - object NoneType can't be used in 'await' expression
2020-09-15 16:41:59,738 - __main__ - ERROR - Reading temperature failed
2020-09-15 16:41:59,742 - __main__ - ERROR - object NoneType can't be used in 'await' expression
2020-09-15 16:41:59,747 - __main__ - ERROR - Reading temperature failed
2020-09-15 16:41:59,749 - __main__ - ERROR - object NoneType can't be used in 'await' expression
2020-09-15 16:41:59,755 - __main__ - ERROR - Reading temperature failed
2020-09-15 16:41:59,759 - __main__ - ERROR - object NoneType can't be used in 'await' expression
2020-09-15 16:41:59,772 - __main__ - ERROR - Reading temperature failed
2020-09-15 16:41:59,775 - __main__ - ERROR - object NoneType can't be used in 'await' expression
2020-09-15 16:41:59,780 - __main__ - ERROR - Reading temperature failed
2020-09-15 16:41:59,782 - __main__ - ERROR - object NoneType can't be used in 'await' expression
2020-09-15 16:41:59,788 - __main__ - ERROR - Reading temperature failed
2020-09-15 16:41:59,791 - __main__ - ERROR - object NoneType can't be used in 'await' expression
2020-09-15 16:41:59,800 - __main__ - ERROR - Reading temperature failed
2020-09-15 16:41:59,803 - __main__ - ERROR - object NoneType can't be used in 'await' expression
2020-09-15 16:41:59,809 - __main__ - ERROR - Reading temperature failed
2020-09-15 16:41:59,811 - __main__ - ERROR - object NoneType can't be used in 'await' expression
2020-09-15 16:41:59,817 - __main__ - ERROR - Reading temperature failed
2020-09-15 16:41:59,820 - __main__ - ERROR - object NoneType can't be used in 'await' expression
2020-09-15 16:41:59,830 - __main__ - ERROR - Reading temperature failed
2020-09-15 16:41:59,835 - __main__ - ERROR - object NoneType can't be used in 'await' expression
2020-09-15 16:41:59,841 - __main__ - ERROR - Reading temperature failed
2020-09-15 16:41:59,845 - __main__ - ERROR - object NoneType can't be used in 'await' expression
2020-09-15 16:41:59,850 - __main__ - ERROR - Reading temperature failed
2020-09-15 16:41:59,853 - __main__ - ERROR - object NoneType can't be used in 'await' expression
2020-09-15 16:41:59,858 - __main__ - ERROR - Reading temperature failed
2020-09-15 16:41:59,862 - __main__ - ERROR - object NoneType can't be used in 'await' expression
2020-09-15 16:41:59,869 - __main__ - ERROR - Reading temperature failed
2020-09-15 16:41:59,873 - __main__ - ERROR - object NoneType can't be used in 'await' expression
2020-09-15 16:41:59,882 - __main__ - ERROR - Reading temperature failed
2020-09-15 16:41:59,886 - __main__ - ERROR - object NoneType can't be used in 'await' expression
2020-09-15 16:41:59,893 - __main__ - ERROR - Reading temperature failed
2020-09-15 16:41:59,897 - __main__ - ERROR - object NoneType can't be used in 'await' expression
2020-09-15 16:41:59,903 - __main__ - ERROR - Reading temperature failed
2020-09-15 16:41:59,906 - __main__ - ERROR - object NoneType can't be used in 'await' expression
2020-09-15 16:41:59,911 - __main__ - ERROR - Reading temperature failed
2020-09-15 16:41:59,913 - __main__ - ERROR - object NoneType can't be used in 'await' expression
2020-09-15 16:41:59,919 - __main__ - ERROR - Reading temperature failed
2020-09-15 16:41:59,923 - __main__ - ERROR - object NoneType can't be used in 'await' expression
2020-09-15 16:41:59,936 - __main__ - ERROR - Reading temperature failed
2020-09-15 16:41:59,939 - __main__ - ERROR - object NoneType can't be used in 'await' expression
2020-09-15 16:41:59,947 - __main__ - ERROR - Reading temperature failed
2020-09-15 16:41:59,950 - __main__ - ERROR - object NoneType can't be used in 'await' expression
2020-09-15 16:41:59,961 - __main__ - ERROR - Reading temperature failed
2020-09-15 16:41:59,982 - __main__ - ERROR - object NoneType can't be used in 'await' expression
2020-09-15 16:41:59,991 - __main__ - ERROR - Reading temperature failed
2020-09-15 16:41:59,995 - __main__ - ERROR - object NoneType can't be used in 'await' expression
2020-09-15 16:42:00,007 - __main__ - ERROR - Reading temperature failed
2020-09-15 16:42:00,010 - __main__ - ERROR - object NoneType can't be used in 'await' expression
2020-09-15 16:42:00,014 - __main__ - ERROR - Reading temperature failed
2020-09-15 16:42:00,019 - __main__ - ERROR - object NoneType can't be used in 'await' expression
2020-09-15 16:42:00,038 - __main__ - ERROR - Reading temperature failed
2020-09-15 16:42:00,040 - __main__ - ERROR - object NoneType can't be used in 'await' expression
2020-09-15 16:42:00,045 - __main__ - ERROR - Reading temperature failed
2020-09-15 16:42:00,047 - __main__ - ERROR - object NoneType can't be used in 'await' expression
2020-09-15 16:42:00,052 - __main__ - ERROR - Reading temperature failed
2020-09-15 16:42:00,055 - __main__ - ERROR - object NoneType can't be used in 'await' expression
2020-09-15 16:42:00,066 - __main__ - ERROR - Reading temperature failed
2020-09-15 16:42:00,069 - __main__ - ERROR - object NoneType can't be used in 'await' expression
2020-09-15 16:42:00,080 - __main__ - ERROR - Reading temperature failed
2020-09-15 16:42:00,083 - __main__ - ERROR - object NoneType can't be used in 'await' expression
2020-09-15 16:42:00,090 - __main__ - ERROR - Reading temperature failed
2020-09-15 16:42:00,093 - __main__ - ERROR - object NoneType can't be used in 'await' expression
2020-09-15 16:42:00,101 - __main__ - ERROR - Reading temperature failed
2020-09-15 16:42:00,103 - __main__ - ERROR - object NoneType can't be used in 'await' expression
2020-09-15 16:42:00,129 - __main__ - ERROR - Reading temperature failed
2020-09-15 16:42:00,133 - __main__ - ERROR - object NoneType can't be used in 'await' expression
2020-09-15 16:42:00,136 - __main__ - ERROR - Reading temperature failed
2020-09-15 16:42:00,144 - __main__ - ERROR - object NoneType can't be used in 'await' expression
2020-09-15 16:42:00,148 - __main__ - ERROR - Reading temperature failed
2020-09-15 16:42:00,151 - __main__ - ERROR - object NoneType can't be used in 'await' expression
2020-09-15 16:42:00,158 - __main__ - ERROR - Reading temperature failed
2020-09-15 16:42:00,162 - __main__ - ERROR - object NoneType can't be used in 'await' expression
2020-09-15 16:42:00,168 - __main__ - ERROR - Reading temperature failed
2020-09-15 16:42:00,170 - __main__ - ERROR - object NoneType can't be used in 'await' expression
2020-09-15 16:42:00,175 - __main__ - ERROR - Reading temperature failed
2020-09-15 16:42:00,177 - __main__ - ERROR - object NoneType can't be used in 'await' expression
2020-09-15 16:42:00,181 - __main__ - ERROR - Reading temperature failed
2020-09-15 16:42:00,183 - __main__ - ERROR - object NoneType can't be used in 'await' expression
2020-09-15 16:42:00,188 - __main__ - ERROR - Reading temperature failed
2020-09-15 16:42:00,190 - __main__ - ERROR - object NoneType can't be used in 'await' expression
2020-09-15 16:42:00,197 - __main__ - ERROR - Reading temperature failed
2020-09-15 16:42:00,201 - __main__ - ERROR - object NoneType can't be used in 'await' expression
2020-09-15 16:42:00,211 - __main__ - ERROR - Reading temperature failed
2020-09-15 16:42:00,214 - __main__ - ERROR - object NoneType can't be used in 'await' expression
2020-09-15 16:42:00,219 - __main__ - ERROR - Reading temperature failed
2020-09-15 16:42:00,229 - __main__ - ERROR - object NoneType can't be used in 'await' expression
2020-09-15 16:42:00,235 - __main__ - ERROR - Reading temperature failed
2020-09-15 16:42:00,237 - __main__ - ERROR - object NoneType can't be used in 'await' expression
2020-09-15 16:42:00,243 - __main__ - ERROR - Reading temperature failed
2020-09-15 16:42:00,245 - __main__ - ERROR - object NoneType can't be used in 'await' expression
2020-09-15 16:42:00,249 - __main__ - ERROR - Reading temperature failed
2020-09-15 16:42:00,252 - __main__ - ERROR - object NoneType can't be used in 'await' expression
2020-09-15 16:42:00,264 - __main__ - ERROR - Reading temperature failed
2020-09-15 16:42:00,269 - __main__ - ERROR - object NoneType can't be used in 'await' expression
2020-09-15 16:42:00,280 - __main__ - ERROR - Reading temperature failed
2020-09-15 16:42:00,301 - __main__ - ERROR - object NoneType can't be used in 'await' expression
2020-09-15 16:42:00,305 - __main__ - ERROR - Reading temperature failed
2020-09-15 16:42:00,308 - __main__ - ERROR - object NoneType can't be used in 'await' expression
2020-09-15 16:42:00,323 - __main__ - ERROR - Reading temperature failed
2020-09-15 16:42:00,326 - __main__ - ERROR - object NoneType can't be used in 'await' expression
2020-09-15 16:42:00,336 - __main__ - ERROR - Reading temperature failed
2020-09-15 16:42:00,339 - __main__ - ERROR - object NoneType can't be used in 'await' expression
2020-09-15 16:42:00,345 - __main__ - ERROR - Reading temperature failed
2020-09-15 16:42:00,347 - __main__ - ERROR - object NoneType can't be used in 'await' expression
2020-09-15 16:42:00,352 - __main__ - ERROR - Reading temperature failed
2020-09-15 16:42:00,355 - __main__ - ERROR - object NoneType can't be used in 'await' expression
2020-09-15 16:42:00,359 - __main__ - ERROR - Reading temperature failed
2020-09-15 16:42:00,363 - __main__ - ERROR - object NoneType can't be used in 'await' expression
2020-09-15 16:42:00,369 - __main__ - ERROR - Reading temperature failed
2020-09-15 16:42:00,371 - __main__ - ERROR - object NoneType can't be used in 'await' expression
2020-09-15 16:42:00,376 - __main__ - ERROR - Reading temperature failed
2020-09-15 16:42:00,378 - __main__ - ERROR - object NoneType can't be used in 'await' expression
2020-09-15 16:42:00,382 - __main__ - ERROR - Reading temperature failed
2020-09-15 16:42:00,385 - __main__ - ERROR - object NoneType can't be used in 'await' expression
2020-09-15 16:42:00,395 - __main__ - ERROR - Reading temperature failed
2020-09-15 16:42:00,398 - __main__ - ERROR - object NoneType can't be used in 'await' expression
2020-09-15 16:42:00,403 - __main__ - ERROR - Reading temperature failed
2020-09-15 16:42:00,405 - __main__ - ERROR - object NoneType can't be used in 'await' expression
2020-09-15 16:42:00,411 - __main__ - ERROR - Reading temperature failed
2020-09-15 16:42:00,413 - __main__ - ERROR - object NoneType can't be used in 'await' expression
2020-09-15 16:42:00,421 - __main__ - ERROR - Reading temperature failed
2020-09-15 16:42:00,424 - __main__ - ERROR - object NoneType can't be used in 'await' expression
2020-09-15 16:42:00,432 - __main__ - ERROR - Reading temperature failed
2020-09-15 16:42:00,434 - __main__ - ERROR - object NoneType can't be used in 'await' expression
2020-09-15 16:42:00,439 - __main__ - ERROR - Reading temperature failed
2020-09-15 16:42:00,444 - __main__ - ERROR - object NoneType can't be used in 'await' expression
2020-09-15 16:42:00,451 - __main__ - ERROR - Reading temperature failed
2020-09-15 16:42:00,454 - __main__ - ERROR - object NoneType can't be used in 'await' expression
2020-09-15 16:42:00,462 - __main__ - ERROR - Reading temperature failed
2020-09-15 16:42:00,467 - __main__ - ERROR - object NoneType can't be used in 'await' expression
2020-09-15 16:42:00,472 - __main__ - ERROR - Reading temperature failed
2020-09-15 16:42:00,475 - __main__ - ERROR - object NoneType can't be used in 'await' expression
2020-09-15 16:42:00,482 - __main__ - ERROR - Reading temperature failed
2020-09-15 16:42:00,485 - __main__ - ERROR - object NoneType can't be used in 'await' expression
2020-09-15 16:42:00,500 - __main__ - ERROR - Reading temperature failed
2020-09-15 16:42:00,503 - __main__ - ERROR - object NoneType can't be used in 'await' expression
2020-09-15 16:42:00,508 - __main__ - ERROR - Reading temperature failed
2020-09-15 16:42:00,510 - __main__ - ERROR - object NoneType can't be used in 'await' expression
2020-09-15 16:42:00,515 - __main__ - ERROR - Reading temperature failed
2020-09-15 16:42:00,518 - __main__ - ERROR - object NoneType can't be used in 'await' expression
2020-09-15 16:42:00,537 - __main__ - ERROR - Reading temperature failed
2020-09-15 16:42:00,540 - __main__ - ERROR - object NoneType can't be used in 'await' expression
2020-09-15 16:42:00,546 - __main__ - ERROR - Reading temperature failed
2020-09-15 16:42:00,549 - __main__ - ERROR - object NoneType can't be used in 'await' expression
2020-09-15 16:42:00,558 - __main__ - ERROR - Reading temperature failed
2020-09-15 16:42:00,566 - __main__ - ERROR - object NoneType can't be used in 'await' expression
2020-09-15 16:42:00,574 - __main__ - ERROR - Reading temperature failed
2020-09-15 16:42:00,578 - __main__ - ERROR - object NoneType can't be used in 'await' expression
2020-09-15 16:42:00,583 - __main__ - ERROR - Reading temperature failed
2020-09-15 16:42:00,587 - __main__ - ERROR - object NoneType can't be used in 'await' expression
2020-09-15 16:42:00,600 - __main__ - ERROR - Reading temperature failed
2020-09-15 16:42:00,603 - __main__ - ERROR - object NoneType can't be used in 'await' expression
2020-09-15 16:42:00,614 - __main__ - ERROR - Reading temperature failed
2020-09-15 16:42:00,621 - __main__ - ERROR - object NoneType can't be used in 'await' expression
2020-09-15 16:42:00,635 - __main__ - ERROR - Reading temperature failed
2020-09-15 16:42:00,639 - __main__ - ERROR - object NoneType can't be used in 'await' expression
2020-09-15 16:42:00,647 - __main__ - ERROR - Reading temperature failed
2020-09-15 16:42:00,650 - __main__ - ERROR - object NoneType can't be used in 'await' expression
2020-09-15 16:42:00,667 - __main__ - ERROR - Reading temperature failed
2020-09-15 16:42:00,671 - __main__ - ERROR - object NoneType can't be used in 'await' expression
2020-09-15 16:42:00,680 - __main__ - ERROR - Reading temperature failed
2020-09-15 16:42:00,685 - __main__ - ERROR - object NoneType can't be used in 'await' expression
2020-09-15 16:42:00,694 - __main__ - ERROR - Reading temperature failed
2020-09-15 16:42:00,701 - __main__ - ERROR - object NoneType can't be used in 'await' expression
2020-09-15 16:42:00,707 - __main__ - ERROR - Reading temperature failed
2020-09-15 16:42:00,711 - __main__ - ERROR - object NoneType can't be used in 'await' expression
2020-09-15 16:42:00,718 - __main__ - ERROR - Reading temperature failed
2020-09-15 16:42:00,723 - __main__ - ERROR - object NoneType can't be used in 'await' expression
2020-09-15 16:42:00,741 - __main__ - ERROR - Reading temperature failed
2020-09-15 16:42:00,744 - __main__ - ERROR - object NoneType can't be used in 'await' expression
2020-09-15 16:42:00,748 - __main__ - ERROR - Reading temperature failed
2020-09-15 16:42:00,750 - __main__ - ERROR - object NoneType can't be used in 'await' expression
2020-09-15 16:42:00,763 - __main__ - ERROR - Reading temperature failed
2020-09-15 16:42:00,767 - __main__ - ERROR - object NoneType can't be used in 'await' expression
2020-09-15 16:42:00,782 - __main__ - ERROR - Reading temperature failed
2020-09-15 16:42:00,785 - __main__ - ERROR - object NoneType can't be used in 'await' expression
2020-09-15 16:42:00,793 - __main__ - ERROR - Reading temperature failed
2020-09-15 16:42:00,799 - __main__ - ERROR - object NoneType can't be used in 'await' expression
2020-09-15 16:42:00,804 - __main__ - ERROR - Reading temperature failed
2020-09-15 16:42:00,807 - __main__ - ERROR - object NoneType can't be used in 'await' expression
2020-09-15 16:42:00,812 - __main__ - ERROR - Reading temperature failed
2020-09-15 16:42:00,814 - __main__ - ERROR - object NoneType can't be used in 'await' expression
2020-09-15 16:42:00,823 - __main__ - ERROR - Reading temperature failed
2020-09-15 16:42:00,829 - __main__ - ERROR - object NoneType can't be used in 'await' expression
2020-09-15 16:42:00,841 - __main__ - ERROR - Reading temperature failed
2020-09-15 16:42:00,844 - __main__ - ERROR - object NoneType can't be used in 'await' expression
2020-09-15 16:42:00,851 - __main__ - ERROR - Reading temperature failed
2020-09-15 16:42:00,856 - __main__ - ERROR - object NoneType can't be used in 'await' expression
2020-09-15 16:42:00,870 - __main__ - ERROR - Reading temperature failed
2020-09-15 16:42:00,874 - __main__ - ERROR - object NoneType can't be used in 'await' expression
2020-09-15 16:42:00,880 - __main__ - ERROR - Reading temperature failed
2020-09-15 16:42:00,884 - __main__ - ERROR - object NoneType can't be used in 'await' expression
2020-09-15 16:42:00,893 - __main__ - ERROR - Reading temperature failed
2020-09-15 16:42:00,899 - __main__ - ERROR - object NoneType can't be used in 'await' expression
2020-09-15 16:42:00,906 - __main__ - ERROR - Reading temperature failed
2020-09-15 16:42:00,912 - __main__ - ERROR - object NoneType can't be used in 'await' expression
2020-09-15 16:42:00,919 - __main__ - ERROR - Reading temperature failed
2020-09-15 16:42:00,923 - __main__ - ERROR - object NoneType can't be used in 'await' expression
2020-09-15 16:42:00,934 - __main__ - ERROR - Reading temperature failed
2020-09-15 16:42:00,941 - __main__ - ERROR - object NoneType can't be used in 'await' expression
2020-09-15 16:42:00,948 - __main__ - ERROR - Reading temperature failed
2020-09-15 16:42:00,952 - __main__ - ERROR - object NoneType can't be used in 'await' expression
2020-09-15 16:42:00,964 - __main__ - ERROR - Reading temperature failed
2020-09-15 16:42:00,969 - __main__ - ERROR - object NoneType can't be used in 'await' expression
2020-09-15 16:42:00,978 - __main__ - ERROR - Reading temperature failed
2020-09-15 16:42:00,981 - __main__ - ERROR - object NoneType can't be used in 'await' expression
2020-09-15 16:42:00,993 - __main__ - ERROR - Reading temperature failed
2020-09-15 16:42:01,001 - __main__ - ERROR - object NoneType can't be used in 'await' expression
2020-09-15 16:42:01,010 - __main__ - ERROR - Reading temperature failed
2020-09-15 16:42:01,015 - __main__ - ERROR - object NoneType can't be used in 'await' expression
2020-09-15 16:42:01,024 - __main__ - ERROR - Reading temperature failed
2020-09-15 16:42:01,029 - __main__ - ERROR - object NoneType can't be used in 'await' expression
2020-09-15 16:42:01,038 - __main__ - ERROR - Reading temperature failed
2020-09-15 16:42:01,042 - __main__ - ERROR - object NoneType can't be used in 'await' expression
2020-09-15 16:42:01,051 - __main__ - ERROR - Reading temperature failed
2020-09-15 16:42:01,055 - __main__ - ERROR - object NoneType can't be used in 'await' expression
2020-09-15 16:42:01,067 - __main__ - ERROR - Reading temperature failed
2020-09-15 16:42:01,071 - __main__ - ERROR - object NoneType can't be used in 'await' expression
2020-09-15 16:42:01,079 - __main__ - ERROR - Reading temperature failed
2020-09-15 16:42:01,082 - __main__ - ERROR - object NoneType can't be used in 'await' expression
2020-09-15 16:42:01,092 - __main__ - ERROR - Reading temperature failed
2020-09-15 16:42:01,100 - __main__ - ERROR - object NoneType can't be used in 'await' expression
2020-09-15 16:42:01,108 - __main__ - ERROR - Reading temperature failed
2020-09-15 16:42:01,112 - __main__ - ERROR - object NoneType can't be used in 'await' expression
2020-09-15 16:42:01,119 - __main__ - ERROR - Reading temperature failed
2020-09-15 16:42:01,131 - __main__ - ERROR - object NoneType can't be used in 'await' expression
2020-09-15 16:42:01,144 - __main__ - ERROR - Reading temperature failed
2020-09-15 16:42:01,149 - __main__ - ERROR - object NoneType can't be used in 'await' expression
2020-09-15 16:42:01,163 - __main__ - ERROR - Reading temperature failed
2020-09-15 16:42:01,167 - __main__ - ERROR - object NoneType can't be used in 'await' expression
2020-09-15 16:42:01,179 - __main__ - ERROR - Reading temperature failed
2020-09-15 16:42:01,182 - __main__ - ERROR - object NoneType can't be used in 'await' expression
2020-09-15 16:42:01,191 - __main__ - ERROR - Reading temperature failed
2020-09-15 16:42:01,202 - __main__ - ERROR - object NoneType can't be used in 'await' expression
2020-09-15 16:42:01,210 - __main__ - ERROR - Reading temperature failed
2020-09-15 16:42:01,213 - __main__ - ERROR - object NoneType can't be used in 'await' expression
2020-09-15 16:42:01,222 - __main__ - ERROR - Reading temperature failed
2020-09-15 16:42:01,227 - __main__ - ERROR - object NoneType can't be used in 'await' expression
2020-09-15 16:42:01,237 - __main__ - ERROR - Reading temperature failed
2020-09-15 16:42:01,242 - __main__ - ERROR - object NoneType can't be used in 'await' expression
2020-09-15 16:42:01,251 - __main__ - ERROR - Reading temperature failed
2020-09-15 16:42:01,257 - __main__ - ERROR - object NoneType can't be used in 'await' expression
2020-09-15 16:42:01,278 - __main__ - ERROR - Reading temperature failed
2020-09-15 16:42:01,281 - __main__ - ERROR - object NoneType can't be used in 'await' expression
2020-09-15 16:42:01,288 - __main__ - ERROR - Reading temperature failed
2020-09-15 16:42:01,293 - __main__ - ERROR - object NoneType can't be used in 'await' expression
2020-09-15 16:42:01,304 - __main__ - ERROR - Reading temperature failed
2020-09-15 16:42:01,309 - __main__ - ERROR - object NoneType can't be used in 'await' expression
2020-09-15 16:42:01,316 - __main__ - ERROR - Reading temperature failed
2020-09-15 16:42:01,322 - __main__ - ERROR - object NoneType can't be used in 'await' expression
2020-09-15 16:42:01,334 - __main__ - ERROR - Reading temperature failed
2020-09-15 16:42:01,337 - __main__ - ERROR - object NoneType can't be used in 'await' expression
2020-09-15 16:42:01,344 - __main__ - ERROR - Reading temperature failed
2020-09-15 16:42:01,347 - __main__ - ERROR - object NoneType can't be used in 'await' expression
2020-09-15 16:42:01,353 - __main__ - ERROR - Reading temperature failed
2020-09-15 16:42:01,358 - __main__ - ERROR - object NoneType can't be used in 'await' expression
2020-09-15 16:42:01,368 - __main__ - ERROR - Reading temperature failed
2020-09-15 16:42:01,371 - __main__ - ERROR - object NoneType can't be used in 'await' expression
2020-09-15 16:42:01,379 - __main__ - ERROR - Reading temperature failed
2020-09-15 16:42:01,383 - __main__ - ERROR - object NoneType can't be used in 'await' expression
2020-09-15 16:42:01,392 - __main__ - ERROR - Reading temperature failed
2020-09-15 16:42:01,398 - __main__ - ERROR - object NoneType can't be used in 'await' expression
2020-09-15 16:42:01,404 - __main__ - ERROR - Reading temperature failed
2020-09-15 16:42:01,407 - __main__ - ERROR - object NoneType can't be used in 'await' expression
2020-09-15 16:42:01,414 - __main__ - ERROR - Reading temperature failed
2020-09-15 16:42:01,418 - __main__ - ERROR - object NoneType can't be used in 'await' expression
2020-09-15 16:42:01,433 - __main__ - ERROR - Reading temperature failed
2020-09-15 16:42:01,441 - __main__ - ERROR - object NoneType can't be used in 'await' expression
2020-09-15 16:42:01,448 - __main__ - ERROR - Reading temperature failed
2020-09-15 16:42:01,456 - __main__ - ERROR - object NoneType can't be used in 'await' expression
2020-09-15 16:42:01,466 - __main__ - ERROR - Reading temperature failed
2020-09-15 16:42:01,469 - __main__ - ERROR - object NoneType can't be used in 'await' expression
2020-09-15 16:42:01,477 - __main__ - ERROR - Reading temperature failed
2020-09-15 16:42:01,480 - __main__ - ERROR - object NoneType can't be used in 'await' expression
2020-09-15 16:42:01,486 - __main__ - ERROR - Reading temperature failed
2020-09-15 16:42:01,489 - __main__ - ERROR - object NoneType can't be used in 'await' expression
2020-09-15 16:42:01,502 - __main__ - ERROR - Reading temperature failed
2020-09-15 16:42:01,505 - __main__ - ERROR - object NoneType can't be used in 'await' expression
2020-09-15 16:42:01,512 - __main__ - ERROR - Reading temperature failed
2020-09-15 16:42:01,515 - __main__ - ERROR - object NoneType can't be used in 'await' expression
2020-09-15 16:42:01,523 - __main__ - ERROR - Reading temperature failed
2020-09-15 16:42:01,527 - __main__ - ERROR - object NoneType can't be used in 'await' expression
2020-09-15 16:42:01,537 - __main__ - ERROR - Reading temperature failed
2020-09-15 16:42:01,541 - __main__ - ERROR - object NoneType can't be used in 'await' expression
2020-09-15 16:42:01,548 - __main__ - ERROR - Reading temperature failed
2020-09-15 16:42:01,551 - __main__ - ERROR - object NoneType can't be used in 'await' expression
2020-09-15 16:42:01,560 - __main__ - ERROR - Reading temperature failed
2020-09-15 16:42:01,565 - __main__ - ERROR - object NoneType can't be used in 'await' expression
2020-09-15 16:42:01,572 - __main__ - ERROR - Reading temperature failed
2020-09-15 16:42:01,576 - __main__ - ERROR - object NoneType can't be used in 'await' expression
2020-09-15 16:42:01,581 - __main__ - ERROR - Reading temperature failed
2020-09-15 16:42:01,586 - __main__ - ERROR - object NoneType can't be used in 'await' expression
2020-09-15 16:42:01,595 - __main__ - ERROR - Reading temperature failed
2020-09-15 16:42:01,601 - __main__ - ERROR - object NoneType can't be used in 'await' expression
2020-09-15 16:42:01,608 - __main__ - ERROR - Reading temperature failed
2020-09-15 16:42:01,611 - __main__ - ERROR - object NoneType can't be used in 'await' expression
2020-09-15 16:42:01,618 - __main__ - ERROR - Reading temperature failed
2020-09-15 16:42:01,624 - __main__ - ERROR - object NoneType can't be used in 'await' expression
2020-09-15 16:42:01,639 - __main__ - ERROR - Reading temperature failed
2020-09-15 16:42:01,643 - __main__ - ERROR - object NoneType can't be used in 'await' expression
2020-09-15 16:42:01,651 - __main__ - ERROR - Reading temperature failed
2020-09-15 16:42:01,655 - __main__ - ERROR - object NoneType can't be used in 'await' expression
2020-09-15 16:42:01,695 - __main__ - ERROR - Reading temperature failed
2020-09-15 16:42:01,722 - __main__ - ERROR - object NoneType can't be used in 'await' expression
2020-09-15 16:42:01,740 - __main__ - ERROR - Reading temperature failed
2020-09-15 16:42:01,751 - __main__ - ERROR - object NoneType can't be used in 'await' expression
2020-09-15 16:42:01,765 - __main__ - ERROR - Reading temperature failed
2020-09-15 16:42:01,770 - __main__ - ERROR - object NoneType can't be used in 'await' expression
2020-09-15 16:42:01,785 - __main__ - ERROR - Reading temperature failed
2020-09-15 16:42:01,790 - __main__ - ERROR - object NoneType can't be used in 'await' expression
2020-09-15 16:42:01,813 - __main__ - ERROR - Reading temperature failed
2020-09-15 16:42:01,816 - __main__ - ERROR - object NoneType can't be used in 'await' expression
2020-09-15 16:42:01,827 - __main__ - ERROR - Reading temperature failed
2020-09-15 16:42:01,834 - __main__ - ERROR - object NoneType can't be used in 'await' expression
2020-09-15 16:42:01,843 - __main__ - ERROR - Reading temperature failed
2020-09-15 16:42:01,848 - __main__ - ERROR - object NoneType can't be used in 'await' expression
2020-09-15 16:42:01,869 - __main__ - ERROR - Reading temperature failed
2020-09-15 16:42:01,876 - __main__ - ERROR - object NoneType can't be used in 'await' expression
2020-09-15 16:42:01,884 - __main__ - ERROR - Reading temperature failed
2020-09-15 16:42:01,887 - __main__ - ERROR - object NoneType can't be used in 'await' expression
2020-09-15 16:42:01,900 - __main__ - ERROR - Reading temperature failed
2020-09-15 16:42:01,903 - __main__ - ERROR - object NoneType can't be used in 'await' expression
2020-09-15 16:42:01,911 - __main__ - ERROR - Reading temperature failed
2020-09-15 16:42:01,914 - __main__ - ERROR - object NoneType can't be used in 'await' expression
2020-09-15 16:42:01,921 - __main__ - ERROR - Reading temperature failed
2020-09-15 16:42:01,928 - __main__ - ERROR - object NoneType can't be used in 'await' expression
2020-09-15 16:42:01,939 - __main__ - ERROR - Reading temperature failed
2020-09-15 16:42:01,943 - __main__ - ERROR - object NoneType can't be used in 'await' expression
2020-09-15 16:42:01,948 - __main__ - ERROR - Reading temperature failed
2020-09-15 16:42:01,955 - __main__ - ERROR - object NoneType can't be used in 'await' expression
2020-09-15 16:42:01,969 - __main__ - ERROR - Reading temperature failed
2020-09-15 16:42:01,971 - __main__ - ERROR - object NoneType can't be used in 'await' expression
2020-09-15 16:42:01,978 - __main__ - ERROR - Reading temperature failed
2020-09-15 16:42:01,980 - __main__ - ERROR - object NoneType can't be used in 'await' expression
2020-09-15 16:42:01,988 - __main__ - ERROR - Reading temperature failed
2020-09-15 16:42:01,999 - __main__ - ERROR - object NoneType can't be used in 'await' expression
2020-09-15 16:42:02,010 - __main__ - ERROR - Reading temperature failed
2020-09-15 16:42:02,014 - __main__ - ERROR - object NoneType can't be used in 'await' expression
2020-09-15 16:42:02,022 - __main__ - ERROR - Reading temperature failed
2020-09-15 16:42:02,025 - __main__ - ERROR - object NoneType can't be used in 'await' expression
2020-09-15 16:42:02,037 - __main__ - ERROR - Reading temperature failed
2020-09-15 16:42:02,045 - __main__ - ERROR - object NoneType can't be used in 'await' expression
2020-09-15 16:42:02,055 - __main__ - ERROR - Reading temperature failed
2020-09-15 16:42:02,060 - __main__ - ERROR - object NoneType can't be used in 'await' expression
2020-09-15 16:43:43,212 - __main__ - ERROR - Recording failed
2020-09-15 16:43:43,216 - __main__ - ERROR - Failed to enable connection: Out of resources
2020-09-15 16:43:43,264 - __main__ - ERROR - Recording failed
2020-09-15 16:43:43,269 - __main__ - ERROR - Failed to enable connection: Out of resources
2020-09-15 16:43:43,375 - __main__ - ERROR - Recording failed
2020-09-15 16:43:43,378 - __main__ - ERROR - Failed to enable connection: Out of resources
2020-09-15 16:43:43,431 - __main__ - ERROR - Recording failed
2020-09-15 16:43:43,447 - __main__ - ERROR - Failed to enable connection: Out of resources
2020-09-15 16:43:43,521 - __main__ - ERROR - Recording failed
2020-09-15 16:43:43,524 - __main__ - ERROR - Failed to enable connection: Out of resources
2020-09-15 16:43:43,585 - __main__ - ERROR - Recording failed
2020-09-15 16:43:43,589 - __main__ - ERROR - Failed to enable connection: Out of resources
2020-09-15 16:43:43,685 - __main__ - ERROR - Recording failed
2020-09-15 16:43:43,687 - __main__ - ERROR - Failed to enable connection: Out of resources
2020-09-15 16:43:43,758 - __main__ - ERROR - Recording failed
2020-09-15 16:43:43,761 - __main__ - ERROR - Failed to enable connection: Out of resources
2020-09-15 16:43:43,908 - __main__ - ERROR - Recording failed
2020-09-15 16:43:43,912 - __main__ - ERROR - Failed to enable connection: Out of resources
2020-09-15 16:43:44,012 - __main__ - ERROR - Recording failed
2020-09-15 16:43:44,016 - __main__ - ERROR - Failed to enable connection: Out of resources
2020-09-15 16:43:44,082 - __main__ - ERROR - Recording failed
2020-09-15 16:43:44,084 - __main__ - ERROR - Failed to enable connection: Out of resources
2020-09-15 16:43:44,185 - __main__ - ERROR - Recording failed
2020-09-15 16:43:44,187 - __main__ - ERROR - Failed to enable connection: Out of resources
2020-09-15 16:43:44,220 - __main__ - ERROR - Recording failed
2020-09-15 16:43:44,222 - __main__ - ERROR - Failed to enable connection: Out of resources
2020-09-15 16:43:44,309 - __main__ - ERROR - Recording failed
2020-09-15 16:43:44,312 - __main__ - ERROR - Failed to enable connection: Out of resources
2020-09-15 16:43:44,358 - __main__ - ERROR - Recording failed
2020-09-15 16:43:44,368 - __main__ - ERROR - Failed to enable connection: Out of resources
2020-09-15 16:43:44,423 - __main__ - ERROR - Recording failed
2020-09-15 16:43:44,430 - __main__ - ERROR - Failed to enable connection: Out of resources
2020-09-15 16:43:44,489 - __main__ - ERROR - Recording failed
2020-09-15 16:43:44,495 - __main__ - ERROR - Failed to enable connection: Out of resources
2020-09-15 16:43:44,578 - __main__ - ERROR - Recording failed
2020-09-15 16:43:44,589 - __main__ - ERROR - Failed to enable connection: Out of resources
2020-09-15 16:43:44,642 - __main__ - ERROR - Recording failed
2020-09-15 16:43:44,643 - __main__ - ERROR - Failed to enable connection: Out of resources
2020-09-15 16:43:44,712 - __main__ - ERROR - Recording failed
2020-09-15 16:43:44,718 - __main__ - ERROR - Failed to enable connection: Out of resources
2020-09-15 16:43:44,789 - __main__ - ERROR - Recording failed
2020-09-15 16:43:44,795 - __main__ - ERROR - Failed to enable connection: Out of resources
2020-09-15 16:43:44,875 - __main__ - ERROR - Recording failed
2020-09-15 16:43:44,878 - __main__ - ERROR - Failed to enable connection: Out of resources
2020-09-15 16:43:44,945 - __main__ - ERROR - Recording failed
2020-09-15 16:43:44,953 - __main__ - ERROR - Failed to enable connection: Out of resources
2020-09-15 16:43:45,051 - __main__ - ERROR - Recording failed
2020-09-15 16:43:45,056 - __main__ - ERROR - Failed to enable connection: Out of resources
2020-09-15 16:43:45,130 - __main__ - ERROR - Recording failed
2020-09-15 16:43:45,135 - __main__ - ERROR - Failed to enable connection: Out of resources
2020-09-15 16:43:45,196 - __main__ - ERROR - Recording failed
2020-09-15 16:43:45,207 - __main__ - ERROR - Failed to enable connection: Out of resources
2020-09-15 16:43:45,266 - __main__ - ERROR - Recording failed
2020-09-15 16:43:45,275 - __main__ - ERROR - Failed to enable connection: Out of resources
2020-09-15 16:43:45,342 - __main__ - ERROR - Recording failed
2020-09-15 16:43:45,344 - __main__ - ERROR - Failed to enable connection: Out of resources
2020-09-15 16:43:45,421 - __main__ - ERROR - Recording failed
2020-09-15 16:43:45,425 - __main__ - ERROR - Failed to enable connection: Out of resources
2020-09-15 16:43:45,471 - __main__ - ERROR - Recording failed
2020-09-15 16:43:45,490 - __main__ - ERROR - Failed to enable connection: Out of resources
2020-09-15 16:43:45,563 - __main__ - ERROR - Recording failed
2020-09-15 16:43:45,565 - __main__ - ERROR - Failed to enable connection: Out of resources
2020-09-15 16:43:45,621 - __main__ - ERROR - Recording failed
2020-09-15 16:43:45,625 - __main__ - ERROR - Failed to enable connection: Out of resources
2020-09-15 16:43:45,720 - __main__ - ERROR - Recording failed
2020-09-15 16:43:45,722 - __main__ - ERROR - Failed to enable connection: Out of resources
2020-09-15 16:43:45,821 - __main__ - ERROR - Recording failed
2020-09-15 16:43:45,823 - __main__ - ERROR - Failed to enable connection: Out of resources
2020-09-15 16:43:45,920 - __main__ - ERROR - Recording failed
2020-09-15 16:43:45,924 - __main__ - ERROR - Failed to enable connection: Out of resources
